<?xml version="1.0" encoding="UTF-8"?>
<!-- Generated by org.testng.reporters.JUnitReportReporter -->
<testsuite hostname="HURCHNLP201" failures="0" tests="2" name="PageExecution.ParallelExecution" time="33.486" errors="0" timestamp="31 Dec 2023 08:04:15 GMT" skipped="0">
  <testcase classname="PageExecution.ParallelExecution" name="testcase2" time="12.399"/>
  <testcase classname="PageExecution.ParallelExecution" name="testcase1" time="21.087"/>
</testsuite> <!-- PageExecution.ParallelExecution -->
