<?xml version="1.0" encoding="UTF-8"?>
<!-- Generated by org.testng.reporters.JUnitReportReporter -->
<testsuite hostname="HURCHNLP201" failures="0" tests="2" name="PageExecution.ParalleExecution" time="22.769" errors="0" timestamp="28 Dec 2023 18:09:35 GMT" skipped="0">
  <testcase classname="PageExecution.ParalleExecution" name="testcase2" time="9.032"/>
  <testcase classname="PageExecution.ParalleExecution" name="testcase1" time="13.737"/>
</testsuite> <!-- PageExecution.ParalleExecution -->
