<?xml version="1.0" encoding="UTF-8"?>
<!-- Generated by org.testng.reporters.JUnitReportReporter -->
<testsuite hostname="HURCHNLP201" failures="0" tests="9" name="PageExecution.SignUpExecution" time="103.863" errors="0" timestamp="01 Jan 2024 04:40:44 GMT" skipped="1">
  <testcase classname="PageExecution.SignUpExecution" name="testcase2" time="7.747"/>
  <testcase classname="PageExecution.SignUpExecution" name="testcase1" time="7.337"/>
  <testcase classname="PageExecution.SignUpExecution" name="testcase4" time="8.857"/>
  <testcase classname="PageExecution.SignUpExecution" name="testcase7" time="8.079"/>
  <testcase classname="PageExecution.SignUpExecution" name="testcase6" time="7.848"/>
  <testcase classname="PageExecution.SignUpExecution" name="testcase5" time="7.517"/>
  <testcase classname="PageExecution.SignUpExecution" name="testcase9" time="11.267"/>
  <testcase classname="PageExecution.SignUpExecution" name="testcase8" time="45.211"/>
  <testcase classname="PageExecution.SignUpExecution" name="testcase3">
    <skipped/>
  </testcase> <!-- testcase3 -->
</testsuite> <!-- PageExecution.SignUpExecution -->
