<?xml version="1.0" encoding="UTF-8"?>
<!-- Generated by org.testng.reporters.JUnitReportReporter -->
<testsuite hostname="HURCHNLP201" failures="0" tests="2" name="PageExecution.SignUpExecution" time="9.301" errors="0" timestamp="31 Dec 2023 14:14:47 GMT" skipped="1">
  <testcase classname="PageExecution.SignUpExecution" name="testcase1" time="9.301"/>
  <testcase classname="PageExecution.SignUpExecution" name="testcase3">
    <skipped/>
  </testcase> <!-- testcase3 -->
</testsuite> <!-- PageExecution.SignUpExecution -->
